<?xml version="1.0" encoding="UTF-8"?>
<!DOCTYPE filesystem PUBLIC "-//NetBeans//DTD Filesystem 1.1//EN" "http://www.netbeans.org/dtds/filesystem-1_1.dtd">
<filesystem>
    <folder name="FeaturesOnDemand">
        <file name="cnd.instance">
            <attr name="instanceCreate" methodvalue="org.netbeans.modules.featureondemand.api.FeatureInfo.create"/>
            <attr name="codeName" stringvalue="org.netbeans.modules.autoupdate.ui"/>
            <attr name="projectLayer" urlvalue="nbresloc:/org/netbeans/modules/featureondemand/api/FeatureInfoTest.xml"/>
            
            <!-- registering project type -->
            <attr name="projectFilePath" stringvalue="dbproject/project.properties"/>
        </file>
    </folder>
</filesystem>
